<?xml version="1.0" encoding="UTF-8"?>
<!-- Generated by org.testng.reporters.JUnitXMLReporter -->
<testsuite hostname="sonal" failures="0" tests="8" name="Default test" time="86.331" errors="0" timestamp="15 Sep 2023 05:29:56 GMT">
  <testcase classname="TestPack.LogInTestClass" name="verifyCRMlogo" time="0.096"/>
  <testcase classname="TestPack.LogInTestClass" name="verifylinks" time="0.05"/>
  <testcase classname="TestPack.LogInTestClass" name="Customerslink" time="0.048"/>
  <testcase classname="TestPack.LogInTestClass" name="Pricinglink" time="0.052"/>
  <testcase classname="TestPack.LogInTestClass" name="SignupLink" time="0.056"/>
  <testcase classname="TestPack.LogInTestClass" name="ContactLink" time="0.055"/>
  <testcase classname="TestPack.LogInTestClass" name="FeaturesLink" time="0.044"/>
  <testcase classname="TestPack.LogInTestClass" name="loginToApplication" time="10.694"/>
</testsuite> <!-- Default test -->
