<?xml version="1.0" encoding="UTF-8"?>
<testng-results total="8" passed="8" failed="0" skipped="0">
  <reporter-output>
  </reporter-output>
  <suite started-at="2023-09-15T05:28:30Z" name="Default suite" finished-at="2023-09-15T05:29:56Z" duration-ms="86331">
    <groups>
    </groups>
    <test started-at="2023-09-15T05:28:30Z" name="Default test" finished-at="2023-09-15T05:29:56Z" duration-ms="86331">
      <class name="TestPack.LogInTestClass">
        <test-method is-config="true" signature="setup()[pri:0, instance:TestPack.LogInTestClass@6f53b8a]" started-at="2023-09-15T10:58:30Z" name="setup" finished-at="2023-09-15T10:58:41Z" duration-ms="11628" status="PASS">
          <reporter-output>
          </reporter-output>
        </test-method> <!-- setup -->
        <test-method signature="verifyCRMlogo()[pri:2, instance:TestPack.LogInTestClass@6f53b8a]" started-at="2023-09-15T10:58:41Z" name="verifyCRMlogo" finished-at="2023-09-15T10:58:41Z" duration-ms="96" status="PASS">
          <reporter-output>
          </reporter-output>
        </test-method> <!-- verifyCRMlogo -->
        <test-method is-config="true" signature="tearDown()[pri:0, instance:TestPack.LogInTestClass@6f53b8a]" started-at="2023-09-15T10:58:41Z" name="tearDown" finished-at="2023-09-15T10:58:42Z" duration-ms="150" status="PASS">
          <reporter-output>
          </reporter-output>
        </test-method> <!-- tearDown -->
        <test-method is-config="true" signature="setup()[pri:0, instance:TestPack.LogInTestClass@6f53b8a]" started-at="2023-09-15T10:58:42Z" name="setup" finished-at="2023-09-15T10:58:51Z" duration-ms="9430" status="PASS">
          <reporter-output>
          </reporter-output>
        </test-method> <!-- setup -->
        <test-method signature="verifylinks()[pri:3, instance:TestPack.LogInTestClass@6f53b8a]" started-at="2023-09-15T10:58:51Z" name="verifylinks" finished-at="2023-09-15T10:58:51Z" duration-ms="50" status="PASS">
          <reporter-output>
          </reporter-output>
        </test-method> <!-- verifylinks -->
        <test-method is-config="true" signature="tearDown()[pri:0, instance:TestPack.LogInTestClass@6f53b8a]" started-at="2023-09-15T10:58:51Z" name="tearDown" finished-at="2023-09-15T10:58:51Z" duration-ms="169" status="PASS">
          <reporter-output>
          </reporter-output>
        </test-method> <!-- tearDown -->
        <test-method is-config="true" signature="setup()[pri:0, instance:TestPack.LogInTestClass@6f53b8a]" started-at="2023-09-15T10:58:51Z" name="setup" finished-at="2023-09-15T10:59:00Z" duration-ms="8445" status="PASS">
          <reporter-output>
          </reporter-output>
        </test-method> <!-- setup -->
        <test-method signature="Customerslink()[pri:4, instance:TestPack.LogInTestClass@6f53b8a]" started-at="2023-09-15T10:59:00Z" name="Customerslink" finished-at="2023-09-15T10:59:00Z" duration-ms="48" status="PASS">
          <reporter-output>
          </reporter-output>
        </test-method> <!-- Customerslink -->
        <test-method is-config="true" signature="tearDown()[pri:0, instance:TestPack.LogInTestClass@6f53b8a]" started-at="2023-09-15T10:59:00Z" name="tearDown" finished-at="2023-09-15T10:59:00Z" duration-ms="126" status="PASS">
          <reporter-output>
          </reporter-output>
        </test-method> <!-- tearDown -->
        <test-method is-config="true" signature="setup()[pri:0, instance:TestPack.LogInTestClass@6f53b8a]" started-at="2023-09-15T10:59:00Z" name="setup" finished-at="2023-09-15T10:59:08Z" duration-ms="8409" status="PASS">
          <reporter-output>
          </reporter-output>
        </test-method> <!-- setup -->
        <test-method signature="Pricinglink()[pri:5, instance:TestPack.LogInTestClass@6f53b8a]" started-at="2023-09-15T10:59:08Z" name="Pricinglink" finished-at="2023-09-15T10:59:08Z" duration-ms="52" status="PASS">
          <reporter-output>
          </reporter-output>
        </test-method> <!-- Pricinglink -->
        <test-method is-config="true" signature="tearDown()[pri:0, instance:TestPack.LogInTestClass@6f53b8a]" started-at="2023-09-15T10:59:08Z" name="tearDown" finished-at="2023-09-15T10:59:09Z" duration-ms="286" status="PASS">
          <reporter-output>
          </reporter-output>
        </test-method> <!-- tearDown -->
        <test-method is-config="true" signature="setup()[pri:0, instance:TestPack.LogInTestClass@6f53b8a]" started-at="2023-09-15T10:59:09Z" name="setup" finished-at="2023-09-15T10:59:18Z" duration-ms="9320" status="PASS">
          <reporter-output>
          </reporter-output>
        </test-method> <!-- setup -->
        <test-method signature="SignupLink()[pri:6, instance:TestPack.LogInTestClass@6f53b8a]" started-at="2023-09-15T10:59:18Z" name="SignupLink" finished-at="2023-09-15T10:59:18Z" duration-ms="56" status="PASS">
          <reporter-output>
          </reporter-output>
        </test-method> <!-- SignupLink -->
        <test-method is-config="true" signature="tearDown()[pri:0, instance:TestPack.LogInTestClass@6f53b8a]" started-at="2023-09-15T10:59:18Z" name="tearDown" finished-at="2023-09-15T10:59:18Z" duration-ms="304" status="PASS">
          <reporter-output>
          </reporter-output>
        </test-method> <!-- tearDown -->
        <test-method is-config="true" signature="setup()[pri:0, instance:TestPack.LogInTestClass@6f53b8a]" started-at="2023-09-15T10:59:18Z" name="setup" finished-at="2023-09-15T10:59:28Z" duration-ms="9243" status="PASS">
          <reporter-output>
          </reporter-output>
        </test-method> <!-- setup -->
        <test-method signature="ContactLink()[pri:7, instance:TestPack.LogInTestClass@6f53b8a]" started-at="2023-09-15T10:59:28Z" name="ContactLink" finished-at="2023-09-15T10:59:28Z" duration-ms="55" status="PASS">
          <reporter-output>
          </reporter-output>
        </test-method> <!-- ContactLink -->
        <test-method is-config="true" signature="tearDown()[pri:0, instance:TestPack.LogInTestClass@6f53b8a]" started-at="2023-09-15T10:59:28Z" name="tearDown" finished-at="2023-09-15T10:59:28Z" duration-ms="142" status="PASS">
          <reporter-output>
          </reporter-output>
        </test-method> <!-- tearDown -->
        <test-method is-config="true" signature="setup()[pri:0, instance:TestPack.LogInTestClass@6f53b8a]" started-at="2023-09-15T10:59:28Z" name="setup" finished-at="2023-09-15T10:59:36Z" duration-ms="8462" status="PASS">
          <reporter-output>
          </reporter-output>
        </test-method> <!-- setup -->
        <test-method signature="FeaturesLink()[pri:8, instance:TestPack.LogInTestClass@6f53b8a]" started-at="2023-09-15T10:59:36Z" name="FeaturesLink" finished-at="2023-09-15T10:59:36Z" duration-ms="44" status="PASS">
          <reporter-output>
          </reporter-output>
        </test-method> <!-- FeaturesLink -->
        <test-method is-config="true" signature="tearDown()[pri:0, instance:TestPack.LogInTestClass@6f53b8a]" started-at="2023-09-15T10:59:36Z" name="tearDown" finished-at="2023-09-15T10:59:37Z" duration-ms="223" status="PASS">
          <reporter-output>
          </reporter-output>
        </test-method> <!-- tearDown -->
        <test-method is-config="true" signature="setup()[pri:0, instance:TestPack.LogInTestClass@6f53b8a]" started-at="2023-09-15T10:59:37Z" name="setup" finished-at="2023-09-15T10:59:45Z" duration-ms="8682" status="PASS">
          <reporter-output>
          </reporter-output>
        </test-method> <!-- setup -->
        <test-method signature="loginToApplication()[pri:9, instance:TestPack.LogInTestClass@6f53b8a]" started-at="2023-09-15T10:59:45Z" name="loginToApplication" finished-at="2023-09-15T10:59:56Z" duration-ms="10694" status="PASS">
          <reporter-output>
          </reporter-output>
        </test-method> <!-- loginToApplication -->
        <test-method is-config="true" signature="tearDown()[pri:0, instance:TestPack.LogInTestClass@6f53b8a]" started-at="2023-09-15T10:59:56Z" name="tearDown" finished-at="2023-09-15T10:59:56Z" duration-ms="191" status="PASS">
          <reporter-output>
          </reporter-output>
        </test-method> <!-- tearDown -->
      </class> <!-- TestPack.LogInTestClass -->
    </test> <!-- Default test -->
  </suite> <!-- Default suite -->
</testng-results>
